c:\acg\rtacg_students\visualstudio2015\rtacg\x64\release\vc143.pdb
c:\acg\rtacg_students\visualstudio2015\rtacg\x64\release\transmissive.obj
c:\acg\rtacg_students\visualstudio2015\rtacg\x64\release\phong.obj
c:\acg\rtacg_students\visualstudio2015\rtacg\x64\release\mirror.obj
c:\acg\rtacg_students\visualstudio2015\rtacg\x64\release\material.obj
c:\acg\rtacg_students\visualstudio2015\rtacg\x64\release\emissive.obj
c:\acg\rtacg_students\visualstudio2015\rtacg\x64\release\main.obj
c:\acg\rtacg_students\visualstudio2015\rtacg\x64\release\arealightsource.obj
c:\acg\rtacg_students\visualstudio2015\rtacg\x64\release\vector3d.obj
c:\acg\rtacg_students\visualstudio2015\rtacg\x64\release\utils.obj
c:\acg\rtacg_students\visualstudio2015\rtacg\x64\release\scene.obj
c:\acg\rtacg_students\visualstudio2015\rtacg\x64\release\ray.obj
c:\acg\rtacg_students\visualstudio2015\rtacg\x64\release\matrix4x4.obj
c:\acg\rtacg_students\visualstudio2015\rtacg\x64\release\intersection.obj
c:\acg\rtacg_students\visualstudio2015\rtacg\x64\release\hemisphericalsampler.obj
c:\acg\rtacg_students\visualstudio2015\rtacg\x64\release\film.obj
c:\acg\rtacg_students\visualstudio2015\rtacg\x64\release\eqsolver.obj
c:\acg\rtacg_students\visualstudio2015\rtacg\x64\release\bitmap.obj
c:\acg\rtacg_students\visualstudio2015\rtacg\x64\release\perspective.obj
c:\acg\rtacg_students\visualstudio2015\rtacg\x64\release\ortographic.obj
c:\acg\rtacg_students\visualstudio2015\rtacg\x64\release\camera.obj
c:\acg\rtacg_students\visualstudio2015\rtacg\x64\release\square.obj
c:\acg\rtacg_students\visualstudio2015\rtacg\x64\release\sphere.obj
c:\acg\rtacg_students\visualstudio2015\rtacg\x64\release\shape.obj
c:\acg\rtacg_students\visualstudio2015\rtacg\x64\release\infiniteplan.obj
c:\acg\rtacg_students\visualstudio2015\rtacg\x64\release\whittedshader.obj
c:\acg\rtacg_students\visualstudio2015\rtacg\x64\release\ssaoshader.obj
c:\acg\rtacg_students\visualstudio2015\rtacg\x64\release\shader.obj
c:\acg\rtacg_students\visualstudio2015\rtacg\x64\release\pathtracershader.obj
c:\acg\rtacg_students\visualstudio2015\rtacg\x64\release\normalshader.obj
c:\acg\rtacg_students\visualstudio2015\rtacg\x64\release\neeshader.obj
c:\acg\rtacg_students\visualstudio2015\rtacg\x64\release\intersectionshader.obj
c:\acg\rtacg_students\visualstudio2015\rtacg\x64\release\hemispherical.obj
c:\acg\rtacg_students\visualstudio2015\rtacg\x64\release\depthshader.obj
c:\acg\rtacg_students\visualstudio2015\rtacg\x64\release\basecolorshader.obj
c:\acg\rtacg_students\visualstudio2015\rtacg\x64\release\areadirectshader.obj
c:\acg\rtacg_students\visualstudio2015\rtacg\x64\release\rt_acg.ipdb
c:\acg\rtacg_students\visualstudio2015\rtacg\x64\release\rt_acg.iobj
c:\acg\rtacg_students\visualstudio2015\rtacg\x64\release\rt_acg.pdb
c:\acg\rtacg_students\visualstudio2015\rtacg\x64\release\rt_acg.tlog\cl.command.1.tlog
c:\acg\rtacg_students\visualstudio2015\rtacg\x64\release\rt_acg.tlog\cl.read.1.tlog
c:\acg\rtacg_students\visualstudio2015\rtacg\x64\release\rt_acg.tlog\cl.write.1.tlog
c:\acg\rtacg_students\visualstudio2015\rtacg\x64\release\rt_acg.tlog\link.command.1.tlog
c:\acg\rtacg_students\visualstudio2015\rtacg\x64\release\rt_acg.tlog\link.read.1.tlog
c:\acg\rtacg_students\visualstudio2015\rtacg\x64\release\rt_acg.tlog\link.write.1.tlog
c:\acg\rtacg_students\visualstudio2015\rtacg\x64\release\rt_acg.tlog\link.write.2u.tlog
